id : MLA921280437,title :  Apc Easy Ups Bv Bv650i-ar 650va Entrada Y Salida De 230v Negro,category_id : MLA1720,category_name : MLA-STABILIZERS_AND_UPS;
id : MLA919281388,title :  Apc Back-ups Pro 1500 Br1500g-ar 1500va Entrada Y Salida De 230v Negro,category_id : MLA1720,category_name : MLA-STABILIZERS_AND_UPS;
id : MLA921398602,title :  Apc Back-ups Bx550ci-ar 550va Entrada Y Salida De 230v Negro,category_id : MLA1720,category_name : MLA-STABILIZERS_AND_UPS;
id : MLA912269991,title :  Apc Back-ups Br900g-ar 900va Entrada Y Salida De 230v Negro,category_id : MLA1720,category_name : MLA-STABILIZERS_AND_UPS;
id : MLA917487099,title : Monitor Dell E2420h Led 24   Negro 100v/240v,category_id : MLA14407,category_name : MLA-COMPUTER_MONITORS;
id : MLA920272271,title :  Apc Easy Ups Bv500i-ar 500va Entrada Y Salida De 230v Negro,category_id : MLA1720,category_name : MLA-STABILIZERS_AND_UPS;
id : MLA921334051,title :  Apc Smart-ups Rc Src2ki-ar 2000va Entrada Y Salida De 230v Negro,category_id : MLA1720,category_name : MLA-STABILIZERS_AND_UPS;
id : MLA874472550,title : Router Linksys Ea-series Ea6100 Negro 100v/240v,category_id : MLA430901,category_name : MLA-ROUTERS_AND_WIRELESS_SYSTEMS;
id : MLA915943267,title : Notebook Dell Inspiron 3501 Negra 15.6 , Intel Core I3 1005g1  4gb De Ram 1tb Hdd, Intel Uhd Graphics 60 Hz 1366x768px Linux Ubuntu,category_id : MLA1652,category_name : MLA-NOTEBOOKS;
id : MLA912269713,title :  Apc Back-ups Pro 1200 Br1200g-ar 1200va Entrada Y Salida De 230v Negro,category_id : MLA1720,category_name : MLA-STABILIZERS_AND_UPS;
id : MLA884735636,title : Router Cisco Rv Series Rv345 Negro 100v/240v,category_id : MLA430901,category_name : MLA-ROUTERS_AND_WIRELESS_SYSTEMS;
id : MLA917515954,title :  Apc Back-ups Br550g-ar 550va Entrada Y Salida De 230v Negro,category_id : MLA1720,category_name : MLA-STABILIZERS_AND_UPS;
id : MLA917517053,title :  Apc Back-ups Bx800ci-ar 800va Entrada Y Salida De 230v Negro,category_id : MLA1720,category_name : MLA-STABILIZERS_AND_UPS;
id : MLA884736096,title : Router Cisco Rv Series Rv340 Negro 100v/240v,category_id : MLA430901,category_name : MLA-ROUTERS_AND_WIRELESS_SYSTEMS;
id : MLA917517155,title : Switch Cisco Sg110d-08 Serie 110,category_id : MLA1708,category_name : MLA-NETWORK_SWITCHES;
id : MLA913997022,title : Notebook Dell Vostro 3490 Negra 14 , Intel Core I5 10210u  8gb De Ram 1tb Hdd, Intel Uhd Graphics 60 Hz 1366x768px Windows 10 Pro,category_id : MLA1652,category_name : MLA-NOTEBOOKS;
id : MLA917080102,title : Monitor Gamer Dell Professional P2719h Led 27   Negro 100v/240v,category_id : MLA14407,category_name : MLA-COMPUTER_MONITORS;
id : MLA884736134,title : Router Cisco Small Business Rv260w-a Negro,category_id : MLA430901,category_name : MLA-ROUTERS_AND_WIRELESS_SYSTEMS;
id : MLA870592467,title : Router Linksys E2500 Negro,category_id : MLA430901,category_name : MLA-ROUTERS_AND_WIRELESS_SYSTEMS;
id : MLA919877335,title : Notebook Dell Inspiron 5593 Platinum Silver 15.6 , Intel Core I5 1035g1  8gb De Ram 256gb Ssd, Intel Uhd Graphics 1920x1080px Windows 10 Home,category_id : MLA1652,category_name : MLA-NOTEBOOKS;
id : MLA919345379,title : Router Linksys Lrt214 Negro Y Azul,category_id : MLA430901,category_name : MLA-ROUTERS_AND_WIRELESS_SYSTEMS;
id : MLA884735834,title : Repetidor Linksys Re6500 Negro,category_id : MLA430901,category_name : MLA-ROUTERS_AND_WIRELESS_SYSTEMS;
id : MLA917516307,title :  Apc Smart-ups Srt Srt5kxli 5000va Entrada Y Salida De 230v Negro,category_id : MLA1720,category_name : MLA-STABILIZERS_AND_UPS;
id : MLA917517444,title : Switch Cisco Sg250-50p Serie 250,category_id : MLA1708,category_name : MLA-NETWORK_SWITCHES;
id : MLA876794922,title : Impresora Multifunción Lexmark Mb2546adwe Con Wifi Gris Y Blanca 220v,category_id : MLA1676,category_name : MLA-PRINTERS;
id : MLA917515758,title :  Apc Easy Ups Srv6ki 6000va Entrada Y Salida De 230v Negro,category_id : MLA1720,category_name : MLA-STABILIZERS_AND_UPS;
id : MLA912272809,title :  Apc Smart-ups Rc Src3000xli 3000va Entrada Y Salida De 230v Negro,category_id : MLA1720,category_name : MLA-STABILIZERS_AND_UPS;
id : MLA917206103,title : Switch Cisco Sg350-28p Serie 350,category_id : MLA1708,category_name : MLA-NETWORK_SWITCHES;
id : MLA912273096,title :  Apc Easy Ups Srv3000 Srv3ki-ar 3000va Entrada Y Salida De 220v/240v Negro,category_id : MLA1720,category_name : MLA-STABILIZERS_AND_UPS;
id : MLA919620195,title : Notebook Dell Vostro 3490 Negra 14 , Intel Core I5 10210u  16gb De Ram 1tb Hdd, Intel Hd Graphics 60 Hz 1366x768px Windows 10 Pro,category_id : MLA1652,category_name : MLA-NOTEBOOKS;
id : MLA917206050,title : Switch Cisco Sg350-52 Sg Serie 350,category_id : MLA1708,category_name : MLA-NETWORK_SWITCHES;
id : MLA919422304,title : Access Point, Router Linksys Mr8300 Negro 100v/240v,category_id : MLA430901,category_name : MLA-ROUTERS_AND_WIRELESS_SYSTEMS;
id : MLA863267784,title : Monitor Gamer Dell Professional P2018h Led 20   Negro 100v/240v,category_id : MLA14407,category_name : MLA-COMPUTER_MONITORS;
id : MLA898898561,title : Repetidor, Router, Sistema Wi-fi Mesh Linksys Velop Wifi Intelligent Mesh Blanco 100v/240v,category_id : MLA430901,category_name : MLA-ROUTERS_AND_WIRELESS_SYSTEMS;
id : MLA914634860,title : Access Point Interior Cisco 100 Series Wap150 Blanco,category_id : MLA430901,category_name : MLA-ROUTERS_AND_WIRELESS_SYSTEMS;
id : MLA919421624,title : Access Point, Router Linksys Max-stream Ea7300 Negro 100v/240v,category_id : MLA430901,category_name : MLA-ROUTERS_AND_WIRELESS_SYSTEMS;
id : MLA919620915,title : Notebook Dell Vostro 3490 Negra 14 , Intel Core I5 10210u  4gb De Ram 1tb Hdd, Intel Hd Graphics 60 Hz 1366x768px Windows 10 Pro,category_id : MLA1652,category_name : MLA-NOTEBOOKS;
id : MLA912274211,title :  Apc Smart-ups Smt3000r2i-ar 3000va Entrada Y Salida De 220v/240v Negro,category_id : MLA1720,category_name : MLA-STABILIZERS_AND_UPS;
id : MLA604049998,title : Ups Apc Easy Bv650i-ar 650va Gtia Oficial 2 Años Bv650,category_id : MLA1720,category_name : MLA-STABILIZERS_AND_UPS;
id : MLA640303035,title : Ups Apc Br1500g 1500va Estabilizador  Gtia 2 Años Br1500g-ar,category_id : MLA1720,category_name : MLA-STABILIZERS_AND_UPS;
id : MLA838039921,title : Ups Apc Bv800i-ar 800v 4t Estabilizador Pc Gamer Simil Bx800,category_id : MLA1720,category_name : MLA-STABILIZERS_AND_UPS;
id : MLA919259083,title : Ups Apc Easy Bv650i-ar 650va Gtia Oficial 2 Años Oferta,category_id : MLA1720,category_name : MLA-STABILIZERS_AND_UPS;
id : MLA609714711,title : Ups Apc Back-ups Pro 550va 230 Estabilizador Y Protector De Tensión Con Ahorro De Energia Gtia Oficial Br550,category_id : MLA1720,category_name : MLA-STABILIZERS_AND_UPS;
id : MLA696010903,title : Ups Apc Src2ki-ar 2000va Online Tower Src2ki,category_id : MLA1720,category_name : MLA-STABILIZERS_AND_UPS;
id : MLA795525764,title : Ups Apc Easy Bv650i-ar 650va Gtia Oficial 2 Años Bv650,category_id : MLA1720,category_name : MLA-STABILIZERS_AND_UPS;
id : MLA777628422,title : Router Cisco Rv260w Dual Band Vpn Firewall Wifi N Rv260,category_id : MLA430901,category_name : MLA-ROUTERS_AND_WIRELESS_SYSTEMS;
id : MLA919297554,title : Notebook Dell Vostro 3401 I3 16gb 1tb + 240ssd Win 10 Home,category_id : MLA1652,category_name : MLA-NOTEBOOKS;
id : MLA609550688,title : Ups Apc Easy 500va Estabilizador Y Protector De Tension Con Ahorro De Energia Gtia Oficial 2 Años,category_id : MLA1720,category_name : MLA-STABILIZERS_AND_UPS;
id : MLA850688285,title : Notebook Dell Inspiron I5 256ssd + 1tb 16gb W10 Gforce Ram,category_id : MLA1652,category_name : MLA-NOTEBOOKS;
id : MLA723894918,title : Router 16 Puertos Cisco Rv345-k9 Dual Wan Giga Vpn 16p Rv345,category_id : MLA430901,category_name : MLA-ROUTERS_AND_WIRELESS_SYSTEMS;
